<?xml version="1.0" encoding="UTF-8"?>
<testsuite name="grails.plugin.mailgun.MailgunServiceSpec" tests="4" skipped="0" failures="0" errors="0" timestamp="2016-01-05T23:22:55" hostname="orko-nano" time="2.794">
  <properties/>
  <testcase name="test getAllLists success" classname="grails.plugin.mailgun.MailgunServiceSpec" time="2.604"/>
  <testcase name="test sendMessage without parameters and default HTML Format" classname="grails.plugin.mailgun.MailgunServiceSpec" time="0.167"/>
  <testcase name="test sendMessage with parameters and HTML format" classname="grails.plugin.mailgun.MailgunServiceSpec" time="0.012"/>
  <testcase name="test sendMessage with parameters and TEXT formar" classname="grails.plugin.mailgun.MailgunServiceSpec" time="0.01"/>
  <system-out><![CDATA[]]></system-out>
  <system-err><![CDATA[]]></system-err>
</testsuite>
